# JRE version: Java(TM) SE Runtime Environment (17.0.12+8) (build 17.0.12+8-LTS-286)
# Java VM: Java HotSpot(TM) 64-Bit Server VM (17.0.12+8-LTS-286, mixed mode, sharing, tiered, compressed oops, compressed class ptrs, g1 gc, windows-amd64)
GC Precious Log:
 CPUs: 12 total, 12 available
 Memory: 16027M
 Large Page Support: Disabled
 NUMA Support: Disabled
 Compressed Oops: Enabled (Zero based)
 Heap Region Size: 2M
 Heap Min Capacity: 8M
 Heap Initial Capacity: 252M
 Heap Max Capacity: 4008M
 Pre-touch: Disabled
 Parallel Workers: 10
 Concurrent Workers: 3
 Concurrent Refinement Workers: 10
 Periodic GC: Disabled
Heap:
 garbage-first heap   total 425984K, used 116661K [0x0000000705800000, 0x0000000800000000)
  region size 2048K, 28 young (57344K), 2 survivors (4096K)
 Metaspace       used 111639K, committed 112384K, reserved 1179648K
  class space    used 15167K, committed 15552K, reserved 1048576K
GC Heap History (20 events):
Event: 21.023 GC heap before
{Heap before GC invocations=30 (full 0):
 garbage-first heap   total 100352K, used 80590K [0x0000000705800000, 0x0000000800000000)
  region size 2048K, 14 young (28672K), 2 survivors (4096K)
 Metaspace       used 86227K, committed 86848K, reserved 1179648K
  class space    used 12099K, committed 12416K, reserved 1048576K
}
Event: 21.027 GC heap after
{Heap after GC invocations=31 (full 0):
 garbage-first heap   total 100352K, used 57595K [0x0000000705800000, 0x0000000800000000)
  region size 2048K, 2 young (4096K), 2 survivors (4096K)
 Metaspace       used 86227K, committed 86848K, reserved 1179648K
  class space    used 12099K, committed 12416K, reserved 1048576K
}
Event: 22.724 GC heap before
{Heap before GC invocations=31 (full 0):
 garbage-first heap   total 100352K, used 82171K [0x0000000705800000, 0x0000000800000000)
  region size 2048K, 14 young (28672K), 2 survivors (4096K)
 Metaspace       used 87158K, committed 87680K, reserved 1179648K
  class space    used 12234K, committed 12480K, reserved 1048576K
}
Event: 22.729 GC heap after
{Heap after GC invocations=32 (full 0):
 garbage-first heap   total 100352K, used 59324K [0x0000000705800000, 0x0000000800000000)
  region size 2048K, 2 young (4096K), 2 survivors (4096K)
 Metaspace       used 87158K, committed 87680K, reserved 1179648K
  class space    used 12234K, committed 12480K, reserved 1048576K
}
Event: 23.035 GC heap before
{Heap before GC invocations=33 (full 0):
 garbage-first heap   total 110592K, used 81852K [0x0000000705800000, 0x0000000800000000)
  region size 2048K, 13 young (26624K), 2 survivors (4096K)
 Metaspace       used 87562K, committed 88128K, reserved 1179648K
  class space    used 12295K, committed 12544K, reserved 1048576K
}
Event: 23.039 GC heap after
{Heap after GC invocations=34 (full 0):
 garbage-first heap   total 110592K, used 60617K [0x0000000705800000, 0x0000000800000000)
  region size 2048K, 2 young (4096K), 2 survivors (4096K)
 Metaspace       used 87562K, committed 88128K, reserved 1179648K
  class space    used 12295K, committed 12544K, reserved 1048576K
}
Event: 24.144 GC heap before
{Heap before GC invocations=34 (full 0):
 garbage-first heap   total 110592K, used 89289K [0x0000000705800000, 0x0000000800000000)
  region size 2048K, 16 young (32768K), 2 survivors (4096K)
 Metaspace       used 95631K, committed 96256K, reserved 1179648K
  class space    used 13049K, committed 13312K, reserved 1048576K
}
Event: 24.148 GC heap after
{Heap after GC invocations=35 (full 0):
 garbage-first heap   total 110592K, used 62262K [0x0000000705800000, 0x0000000800000000)
  region size 2048K, 2 young (4096K), 2 survivors (4096K)
 Metaspace       used 95631K, committed 96256K, reserved 1179648K
  class space    used 13049K, committed 13312K, reserved 1048576K
}
Event: 25.281 GC heap before
{Heap before GC invocations=36 (full 0):
 garbage-first heap   total 110592K, used 90934K [0x0000000705800000, 0x0000000800000000)
  region size 2048K, 16 young (32768K), 2 survivors (4096K)
 Metaspace       used 100963K, committed 101568K, reserved 1179648K
  class space    used 13844K, committed 14144K, reserved 1048576K
}
Event: 25.287 GC heap after
{Heap after GC invocations=37 (full 0):
 garbage-first heap   total 110592K, used 64597K [0x0000000705800000, 0x0000000800000000)
  region size 2048K, 2 young (4096K), 2 survivors (4096K)
 Metaspace       used 100963K, committed 101568K, reserved 1179648K
  class space    used 13844K, committed 14144K, reserved 1048576K
}
Event: 25.315 GC heap before
{Heap before GC invocations=37 (full 0):
 garbage-first heap   total 110592K, used 66645K [0x0000000705800000, 0x0000000800000000)
  region size 2048K, 3 young (6144K), 2 survivors (4096K)
 Metaspace       used 101132K, committed 101760K, reserved 1179648K
  class space    used 13863K, committed 14144K, reserved 1048576K
}
Event: 25.337 GC heap after
{Heap after GC invocations=38 (full 0):
 garbage-first heap   total 110592K, used 63456K [0x0000000705800000, 0x0000000800000000)
  region size 2048K, 1 young (2048K), 1 survivors (2048K)
 Metaspace       used 101132K, committed 101760K, reserved 1179648K
  class space    used 13863K, committed 14144K, reserved 1048576K
}
Event: 26.832 GC heap before
{Heap before GC invocations=38 (full 0):
 garbage-first heap   total 110592K, used 90080K [0x0000000705800000, 0x0000000800000000)
  region size 2048K, 14 young (28672K), 1 survivors (2048K)
 Metaspace       used 101836K, committed 102464K, reserved 1179648K
  class space    used 13946K, committed 14208K, reserved 1048576K
}
Event: 26.835 GC heap after
{Heap after GC invocations=39 (full 0):
 garbage-first heap   total 110592K, used 63633K [0x0000000705800000, 0x0000000800000000)
  region size 2048K, 1 young (2048K), 1 survivors (2048K)
 Metaspace       used 101836K, committed 102464K, reserved 1179648K
  class space    used 13946K, committed 14208K, reserved 1048576K
}
Event: 26.919 GC heap before
{Heap before GC invocations=40 (full 0):
 garbage-first heap   total 147456K, used 90257K [0x0000000705800000, 0x0000000800000000)
  region size 2048K, 14 young (28672K), 1 survivors (2048K)
 Metaspace       used 101842K, committed 102464K, reserved 1179648K
  class space    used 13946K, committed 14208K, reserved 1048576K
}
Event: 26.922 GC heap after
{Heap after GC invocations=41 (full 0):
 garbage-first heap   total 147456K, used 63603K [0x0000000705800000, 0x0000000800000000)
  region size 2048K, 1 young (2048K), 1 survivors (2048K)
 Metaspace       used 101842K, committed 102464K, reserved 1179648K
  class space    used 13946K, committed 14208K, reserved 1048576K
}
Event: 27.053 GC heap before
{Heap before GC invocations=41 (full 0):
 garbage-first heap   total 147456K, used 67699K [0x0000000705800000, 0x0000000800000000)
  region size 2048K, 3 young (6144K), 1 survivors (2048K)
 Metaspace       used 102108K, committed 102720K, reserved 1179648K
  class space    used 13994K, committed 14272K, reserved 1048576K
}
Event: 27.056 GC heap after
{Heap after GC invocations=42 (full 0):
 garbage-first heap   total 147456K, used 63156K [0x0000000705800000, 0x0000000800000000)
  region size 2048K, 1 young (2048K), 1 survivors (2048K)
 Metaspace       used 102108K, committed 102720K, reserved 1179648K
  class space    used 13994K, committed 14272K, reserved 1048576K
}
Event: 134.329 GC heap before
{Heap before GC invocations=42 (full 0):
 garbage-first heap   total 147456K, used 118452K [0x0000000705800000, 0x0000000800000000)
  region size 2048K, 28 young (57344K), 1 survivors (2048K)
 Metaspace       used 106243K, committed 106944K, reserved 1179648K
  class space    used 14448K, committed 14784K, reserved 1048576K
}
Event: 134.336 GC heap after
{Heap after GC invocations=43 (full 0):
 garbage-first heap   total 425984K, used 65461K [0x0000000705800000, 0x0000000800000000)
  region size 2048K, 2 young (4096K), 2 survivors (4096K)
 Metaspace       used 106243K, committed 106944K, reserved 1179648K
  class space    used 14448K, committed 14784K, reserved 1048576K
}

