# JRE version: Java(TM) SE Runtime Environment (17.0.12+8) (build 17.0.12+8-LTS-286)
# Java VM: Java HotSpot(TM) 64-Bit Server VM (17.0.12+8-LTS-286, mixed mode, sharing, tiered, compressed oops, compressed class ptrs, g1 gc, windows-amd64)
GC Precious Log:
 CPUs: 12 total, 12 available
 Memory: 16027M
 Large Page Support: Disabled
 NUMA Support: Disabled
 Compressed Oops: Enabled (Zero based)
 Heap Region Size: 2M
 Heap Min Capacity: 8M
 Heap Initial Capacity: 252M
 Heap Max Capacity: 4008M
 Pre-touch: Disabled
 Parallel Workers: 10
 Concurrent Workers: 3
 Concurrent Refinement Workers: 10
 Periodic GC: Disabled
Heap:
 garbage-first heap   total 92160K, used 44886K [0x0000000705800000, 0x0000000800000000)
  region size 2048K, 2 young (4096K), 2 survivors (4096K)
 Metaspace       used 70015K, committed 70656K, reserved 1114112K
  class space    used 8981K, committed 9280K, reserved 1048576K
GC Heap History (20 events):
Event: 15.635 GC heap after
{Heap after GC invocations=16 (full 0):
 garbage-first heap   total 92160K, used 38766K [0x0000000705800000, 0x0000000800000000)
  region size 2048K, 3 young (6144K), 3 survivors (6144K)
 Metaspace       used 49093K, committed 49600K, reserved 1114112K
  class space    used 6557K, committed 6784K, reserved 1048576K
}
Event: 16.696 GC heap before
{Heap before GC invocations=16 (full 0):
 garbage-first heap   total 92160K, used 69486K [0x0000000705800000, 0x0000000800000000)
  region size 2048K, 18 young (36864K), 3 survivors (6144K)
 Metaspace       used 54379K, committed 54976K, reserved 1114112K
  class space    used 7291K, committed 7552K, reserved 1048576K
}
Event: 16.701 GC heap after
{Heap after GC invocations=17 (full 0):
 garbage-first heap   total 92160K, used 40976K [0x0000000705800000, 0x0000000800000000)
  region size 2048K, 3 young (6144K), 3 survivors (6144K)
 Metaspace       used 54379K, committed 54976K, reserved 1114112K
  class space    used 7291K, committed 7552K, reserved 1048576K
}
Event: 18.316 GC heap before
{Heap before GC invocations=17 (full 0):
 garbage-first heap   total 92160K, used 71696K [0x0000000705800000, 0x0000000800000000)
  region size 2048K, 18 young (36864K), 3 survivors (6144K)
 Metaspace       used 55381K, committed 55936K, reserved 1114112K
  class space    used 7405K, committed 7680K, reserved 1048576K
}
Event: 18.321 GC heap after
{Heap after GC invocations=18 (full 0):
 garbage-first heap   total 92160K, used 41898K [0x0000000705800000, 0x0000000800000000)
  region size 2048K, 3 young (6144K), 3 survivors (6144K)
 Metaspace       used 55381K, committed 55936K, reserved 1114112K
  class space    used 7405K, committed 7680K, reserved 1048576K
}
Event: 18.466 GC heap before
{Heap before GC invocations=18 (full 0):
 garbage-first heap   total 92160K, used 70570K [0x0000000705800000, 0x0000000800000000)
  region size 2048K, 17 young (34816K), 3 survivors (6144K)
 Metaspace       used 55806K, committed 56256K, reserved 1114112K
  class space    used 7462K, committed 7680K, reserved 1048576K
}
Event: 18.469 GC heap after
{Heap after GC invocations=19 (full 0):
 garbage-first heap   total 92160K, used 42225K [0x0000000705800000, 0x0000000800000000)
  region size 2048K, 1 young (2048K), 1 survivors (2048K)
 Metaspace       used 55806K, committed 56256K, reserved 1114112K
  class space    used 7462K, committed 7680K, reserved 1048576K
}
Event: 19.125 GC heap before
{Heap before GC invocations=19 (full 0):
 garbage-first heap   total 92160K, used 62705K [0x0000000705800000, 0x0000000800000000)
  region size 2048K, 13 young (26624K), 1 survivors (2048K)
 Metaspace       used 59555K, committed 60096K, reserved 1114112K
  class space    used 7850K, committed 8128K, reserved 1048576K
}
Event: 19.128 GC heap after
{Heap after GC invocations=20 (full 0):
 garbage-first heap   total 92160K, used 43063K [0x0000000705800000, 0x0000000800000000)
  region size 2048K, 2 young (4096K), 2 survivors (4096K)
 Metaspace       used 59555K, committed 60096K, reserved 1114112K
  class space    used 7850K, committed 8128K, reserved 1048576K
}
Event: 20.062 GC heap before
{Heap before GC invocations=21 (full 0):
 garbage-first heap   total 92160K, used 69687K [0x0000000705800000, 0x0000000800000000)
  region size 2048K, 16 young (32768K), 2 survivors (4096K)
 Metaspace       used 66253K, committed 66816K, reserved 1114112K
  class space    used 8555K, committed 8832K, reserved 1048576K
}
Event: 20.066 GC heap after
{Heap after GC invocations=22 (full 0):
 garbage-first heap   total 92160K, used 44474K [0x0000000705800000, 0x0000000800000000)
  region size 2048K, 2 young (4096K), 2 survivors (4096K)
 Metaspace       used 66253K, committed 66816K, reserved 1114112K
  class space    used 8555K, committed 8832K, reserved 1048576K
}
Event: 20.130 GC heap before
{Heap before GC invocations=22 (full 0):
 garbage-first heap   total 92160K, used 46522K [0x0000000705800000, 0x0000000800000000)
  region size 2048K, 3 young (6144K), 2 survivors (4096K)
 Metaspace       used 66606K, committed 67200K, reserved 1114112K
  class space    used 8597K, committed 8896K, reserved 1048576K
}
Event: 20.135 GC heap after
{Heap after GC invocations=23 (full 0):
 garbage-first heap   total 92160K, used 42349K [0x0000000705800000, 0x0000000800000000)
  region size 2048K, 1 young (2048K), 1 survivors (2048K)
 Metaspace       used 66606K, committed 67200K, reserved 1114112K
  class space    used 8597K, committed 8896K, reserved 1048576K
}
Event: 62.875 GC heap before
{Heap before GC invocations=23 (full 0):
 garbage-first heap   total 92160K, used 73069K [0x0000000705800000, 0x0000000800000000)
  region size 2048K, 16 young (32768K), 1 survivors (2048K)
 Metaspace       used 68499K, committed 69056K, reserved 1114112K
  class space    used 8827K, committed 9088K, reserved 1048576K
}
Event: 62.879 GC heap after
{Heap after GC invocations=24 (full 0):
 garbage-first heap   total 92160K, used 43957K [0x0000000705800000, 0x0000000800000000)
  region size 2048K, 2 young (4096K), 2 survivors (4096K)
 Metaspace       used 68499K, committed 69056K, reserved 1114112K
  class space    used 8827K, committed 9088K, reserved 1048576K
}
Event: 177.952 GC heap before
{Heap before GC invocations=25 (full 0):
 garbage-first heap   total 92160K, used 72629K [0x0000000705800000, 0x0000000800000000)
  region size 2048K, 16 young (32768K), 2 survivors (4096K)
 Metaspace       used 68629K, committed 69184K, reserved 1114112K
  class space    used 8833K, committed 9088K, reserved 1048576K
}
Event: 177.956 GC heap after
{Heap after GC invocations=26 (full 0):
 garbage-first heap   total 92160K, used 44241K [0x0000000705800000, 0x0000000800000000)
  region size 2048K, 2 young (4096K), 2 survivors (4096K)
 Metaspace       used 68629K, committed 69184K, reserved 1114112K
  class space    used 8833K, committed 9088K, reserved 1048576K
}
Event: 284.587 GC heap before
{Heap before GC invocations=26 (full 0):
 garbage-first heap   total 92160K, used 72913K [0x0000000705800000, 0x0000000800000000)
  region size 2048K, 16 young (32768K), 2 survivors (4096K)
 Metaspace       used 69920K, committed 70592K, reserved 1114112K
  class space    used 8981K, committed 9280K, reserved 1048576K
}
Event: 284.595 GC heap after
{Heap after GC invocations=27 (full 0):
 garbage-first heap   total 92160K, used 44733K [0x0000000705800000, 0x0000000800000000)
  region size 2048K, 2 young (4096K), 2 survivors (4096K)
 Metaspace       used 69920K, committed 70592K, reserved 1114112K
  class space    used 8981K, committed 9280K, reserved 1048576K
}
Event: 444.147 GC heap before
{Heap before GC invocations=28 (full 0):
 garbage-first heap   total 92160K, used 75453K [0x0000000705800000, 0x0000000800000000)
  region size 2048K, 17 young (34816K), 2 survivors (4096K)
 Metaspace       used 70015K, committed 70656K, reserved 1114112K
  class space    used 8981K, committed 9280K, reserved 1048576K
}

